{"/Users/sarthakpatel/Documents/Semester 4/TI/ParkEasy/csci5193_ti_parkeasy/backend/Novu/novu.js": {"path":"/Users/sarthakpatel/Documents/Semester 4/TI/ParkEasy/csci5193_ti_parkeasy/backend/Novu/novu.js","statementMap":{"0":{"start":{"line":1,"column":15},"end":{"line":1,"column":36}},"1":{"start":{"line":3,"column":26},"end":{"line":18,"column":1}},"2":{"start":{"line":4,"column":4},"end":{"line":16,"column":5}},"3":{"start":{"line":5,"column":21},"end":{"line":5,"column":55}},"4":{"start":{"line":6,"column":25},"end":{"line":6,"column":42}},"5":{"start":{"line":7,"column":8},"end":{"line":11,"column":11}},"6":{"start":{"line":14,"column":8},"end":{"line":14,"column":92}},"7":{"start":{"line":15,"column":8},"end":{"line":15,"column":20}},"8":{"start":{"line":20,"column":0},"end":{"line":20,"column":38}}},"fnMap":{"0":{"name":"(anonymous_0)","decl":{"start":{"line":3,"column":26},"end":{"line":3,"column":27}},"loc":{"start":{"line":3,"column":41},"end":{"line":18,"column":1}},"line":3}},"branchMap":{"0":{"loc":{"start":{"line":14,"column":53},"end":{"line":14,"column":90}},"type":"binary-expr","locations":[{"start":{"line":14,"column":53},"end":{"line":14,"column":73}},{"start":{"line":14,"column":77},"end":{"line":14,"column":90}}],"line":14}},"s":{"0":1,"1":1,"2":0,"3":0,"4":0,"5":0,"6":0,"7":0,"8":1},"f":{"0":0},"b":{"0":[0,0]},"_coverageSchema":"1a1c01bbd47fc00a2c39e90264f33305004495a9","hash":"b4a032c6ea941ef452bdc32dc572935421c3c347"}
,"/Users/sarthakpatel/Documents/Semester 4/TI/ParkEasy/csci5193_ti_parkeasy/backend/controllers/authController.js": {"path":"/Users/sarthakpatel/Documents/Semester 4/TI/ParkEasy/csci5193_ti_parkeasy/backend/controllers/authController.js","statementMap":{"0":{"start":{"line":1,"column":20},"end":{"line":1,"column":54}},"1":{"start":{"line":2,"column":12},"end":{"line":2,"column":35}},"2":{"start":{"line":3,"column":15},"end":{"line":3,"column":32}},"3":{"start":{"line":4,"column":15},"end":{"line":4,"column":36}},"4":{"start":{"line":7,"column":42},"end":{"line":7,"column":50}},"5":{"start":{"line":8,"column":4},"end":{"line":26,"column":5}},"6":{"start":{"line":9,"column":8},"end":{"line":9,"column":64}},"7":{"start":{"line":10,"column":21},"end":{"line":10,"column":55}},"8":{"start":{"line":11,"column":8},"end":{"line":13,"column":11}},"9":{"start":{"line":19,"column":8},"end":{"line":21,"column":11}},"10":{"start":{"line":23,"column":8},"end":{"line":23,"column":67}},"11":{"start":{"line":25,"column":8},"end":{"line":25,"column":55}},"12":{"start":{"line":30,"column":32},"end":{"line":30,"column":40}},"13":{"start":{"line":31,"column":4},"end":{"line":51,"column":5}},"14":{"start":{"line":32,"column":21},"end":{"line":32,"column":61}},"15":{"start":{"line":33,"column":8},"end":{"line":33,"column":25}},"16":{"start":{"line":34,"column":8},"end":{"line":36,"column":9}},"17":{"start":{"line":35,"column":12},"end":{"line":35,"column":58}},"18":{"start":{"line":37,"column":8},"end":{"line":37,"column":49}},"19":{"start":{"line":38,"column":8},"end":{"line":38,"column":60}},"20":{"start":{"line":40,"column":30},"end":{"line":40,"column":75}},"21":{"start":{"line":41,"column":8},"end":{"line":41,"column":66}},"22":{"start":{"line":43,"column":8},"end":{"line":45,"column":9}},"23":{"start":{"line":44,"column":12},"end":{"line":44,"column":60}},"24":{"start":{"line":47,"column":22},"end":{"line":47,"column":71}},"25":{"start":{"line":48,"column":8},"end":{"line":48,"column":79}},"26":{"start":{"line":50,"column":8},"end":{"line":50,"column":49}},"27":{"start":{"line":54,"column":0},"end":{"line":57,"column":2}}},"fnMap":{"0":{"name":"register","decl":{"start":{"line":6,"column":15},"end":{"line":6,"column":23}},"loc":{"start":{"line":6,"column":34},"end":{"line":27,"column":1}},"line":6},"1":{"name":"login","decl":{"start":{"line":29,"column":15},"end":{"line":29,"column":20}},"loc":{"start":{"line":29,"column":31},"end":{"line":52,"column":1}},"line":29}},"branchMap":{"0":{"loc":{"start":{"line":34,"column":8},"end":{"line":36,"column":9}},"type":"if","locations":[{"start":{"line":34,"column":8},"end":{"line":36,"column":9}},{"start":{},"end":{}}],"line":34},"1":{"loc":{"start":{"line":43,"column":8},"end":{"line":45,"column":9}},"type":"if","locations":[{"start":{"line":43,"column":8},"end":{"line":45,"column":9}},{"start":{},"end":{}}],"line":43}},"s":{"0":1,"1":1,"2":1,"3":1,"4":1,"5":1,"6":1,"7":0,"8":0,"9":0,"10":0,"11":1,"12":4,"13":4,"14":4,"15":3,"16":3,"17":1,"18":2,"19":2,"20":2,"21":2,"22":2,"23":1,"24":1,"25":1,"26":1,"27":1},"f":{"0":1,"1":4},"b":{"0":[1,2],"1":[1,1]},"_coverageSchema":"1a1c01bbd47fc00a2c39e90264f33305004495a9","hash":"72d176dbce1c1d1050e6acf29f12bca9f49221df"}
,"/Users/sarthakpatel/Documents/Semester 4/TI/ParkEasy/csci5193_ti_parkeasy/backend/controllers/feedbackController.js": {"path":"/Users/sarthakpatel/Documents/Semester 4/TI/ParkEasy/csci5193_ti_parkeasy/backend/controllers/feedbackController.js","statementMap":{"0":{"start":{"line":1,"column":24},"end":{"line":1,"column":62}},"1":{"start":{"line":3,"column":27},"end":{"line":37,"column":1}},"2":{"start":{"line":5,"column":4},"end":{"line":14,"column":5}},"3":{"start":{"line":6,"column":47},"end":{"line":6,"column":55}},"4":{"start":{"line":9,"column":26},"end":{"line":9,"column":96}},"5":{"start":{"line":10,"column":6},"end":{"line":10,"column":40}},"6":{"start":{"line":12,"column":6},"end":{"line":12,"column":27}},"7":{"start":{"line":13,"column":6},"end":{"line":13,"column":63}},"8":{"start":{"line":18,"column":4},"end":{"line":34,"column":5}},"9":{"start":{"line":19,"column":25},"end":{"line":19,"column":33}},"10":{"start":{"line":21,"column":23},"end":{"line":21,"column":72}},"11":{"start":{"line":23,"column":6},"end":{"line":25,"column":7}},"12":{"start":{"line":24,"column":8},"end":{"line":24,"column":71}},"13":{"start":{"line":27,"column":33},"end":{"line":27,"column":103}},"14":{"start":{"line":27,"column":77},"end":{"line":27,"column":101}},"15":{"start":{"line":28,"column":6},"end":{"line":28,"column":51}},"16":{"start":{"line":30,"column":6},"end":{"line":30,"column":47}},"17":{"start":{"line":32,"column":6},"end":{"line":32,"column":27}},"18":{"start":{"line":33,"column":6},"end":{"line":33,"column":63}},"19":{"start":{"line":39,"column":0},"end":{"line":39,"column":36}}},"fnMap":{"0":{"name":"(anonymous_0)","decl":{"start":{"line":4,"column":18},"end":{"line":4,"column":19}},"loc":{"start":{"line":4,"column":38},"end":{"line":15,"column":3}},"line":4},"1":{"name":"(anonymous_1)","decl":{"start":{"line":17,"column":23},"end":{"line":17,"column":24}},"loc":{"start":{"line":17,"column":43},"end":{"line":35,"column":3}},"line":17},"2":{"name":"(anonymous_2)","decl":{"start":{"line":27,"column":46},"end":{"line":27,"column":47}},"loc":{"start":{"line":27,"column":77},"end":{"line":27,"column":101}},"line":27}},"branchMap":{"0":{"loc":{"start":{"line":23,"column":6},"end":{"line":25,"column":7}},"type":"if","locations":[{"start":{"line":23,"column":6},"end":{"line":25,"column":7}},{"start":{},"end":{}}],"line":23}},"s":{"0":1,"1":1,"2":2,"3":2,"4":2,"5":1,"6":1,"7":1,"8":3,"9":3,"10":3,"11":2,"12":1,"13":1,"14":2,"15":1,"16":1,"17":1,"18":1,"19":1},"f":{"0":2,"1":3,"2":2},"b":{"0":[1,1]},"_coverageSchema":"1a1c01bbd47fc00a2c39e90264f33305004495a9","hash":"3a755262efe358b2e1347b47825ae3ade56de34c"}
,"/Users/sarthakpatel/Documents/Semester 4/TI/ParkEasy/csci5193_ti_parkeasy/backend/controllers/notificationController.js": {"path":"/Users/sarthakpatel/Documents/Semester 4/TI/ParkEasy/csci5193_ti_parkeasy/backend/controllers/notificationController.js","statementMap":{"0":{"start":{"line":1,"column":28},"end":{"line":1,"column":54}},"1":{"start":{"line":3,"column":21},"end":{"line":3,"column":57}},"2":{"start":{"line":5,"column":27},"end":{"line":18,"column":1}},"3":{"start":{"line":7,"column":19},"end":{"line":7,"column":27}},"4":{"start":{"line":8,"column":21},"end":{"line":10,"column":6}},"5":{"start":{"line":11,"column":4},"end":{"line":17,"column":5}},"6":{"start":{"line":12,"column":8},"end":{"line":12,"column":30}},"7":{"start":{"line":13,"column":8},"end":{"line":13,"column":36}},"8":{"start":{"line":14,"column":8},"end":{"line":14,"column":39}},"9":{"start":{"line":16,"column":8},"end":{"line":16,"column":49}},"10":{"start":{"line":20,"column":0},"end":{"line":20,"column":36}}},"fnMap":{"0":{"name":"(anonymous_0)","decl":{"start":{"line":5,"column":27},"end":{"line":5,"column":28}},"loc":{"start":{"line":5,"column":47},"end":{"line":18,"column":1}},"line":5}},"branchMap":{},"s":{"0":1,"1":1,"2":1,"3":2,"4":2,"5":2,"6":2,"7":1,"8":1,"9":1,"10":1},"f":{"0":2},"b":{},"_coverageSchema":"1a1c01bbd47fc00a2c39e90264f33305004495a9","hash":"6cd7e10580ddd1ff834f76c99749f564dd0b8ec8"}
,"/Users/sarthakpatel/Documents/Semester 4/TI/ParkEasy/csci5193_ti_parkeasy/backend/controllers/parkingSpotController.js": {"path":"/Users/sarthakpatel/Documents/Semester 4/TI/ParkEasy/csci5193_ti_parkeasy/backend/controllers/parkingSpotController.js","statementMap":{"0":{"start":{"line":2,"column":27},"end":{"line":2,"column":68}},"1":{"start":{"line":3,"column":14},"end":{"line":3,"column":30}},"2":{"start":{"line":6,"column":4},"end":{"line":34,"column":5}},"3":{"start":{"line":16,"column":12},"end":{"line":16,"column":20}},"4":{"start":{"line":18,"column":30},"end":{"line":27,"column":9}},"5":{"start":{"line":29,"column":26},"end":{"line":29,"column":83}},"6":{"start":{"line":30,"column":8},"end":{"line":30,"column":113}},"7":{"start":{"line":31,"column":8},"end":{"line":31,"column":40}},"8":{"start":{"line":33,"column":8},"end":{"line":33,"column":55}},"9":{"start":{"line":38,"column":4},"end":{"line":43,"column":5}},"10":{"start":{"line":39,"column":32},"end":{"line":39,"column":77}},"11":{"start":{"line":40,"column":8},"end":{"line":40,"column":46}},"12":{"start":{"line":42,"column":8},"end":{"line":42,"column":55}},"13":{"start":{"line":46,"column":0},"end":{"line":49,"column":2}}},"fnMap":{"0":{"name":"createParkingSpot","decl":{"start":{"line":5,"column":15},"end":{"line":5,"column":32}},"loc":{"start":{"line":5,"column":43},"end":{"line":35,"column":1}},"line":5},"1":{"name":"getAllParkingSpots","decl":{"start":{"line":37,"column":15},"end":{"line":37,"column":33}},"loc":{"start":{"line":37,"column":44},"end":{"line":44,"column":1}},"line":37}},"branchMap":{},"s":{"0":1,"1":1,"2":0,"3":0,"4":0,"5":0,"6":0,"7":0,"8":0,"9":1,"10":1,"11":1,"12":0,"13":1},"f":{"0":0,"1":1},"b":{},"_coverageSchema":"1a1c01bbd47fc00a2c39e90264f33305004495a9","hash":"4cbb65850ed54ac9ed5f93417253cc7f68eaffde"}
,"/Users/sarthakpatel/Documents/Semester 4/TI/ParkEasy/csci5193_ti_parkeasy/backend/controllers/payController.js": {"path":"/Users/sarthakpatel/Documents/Semester 4/TI/ParkEasy/csci5193_ti_parkeasy/backend/controllers/payController.js","statementMap":{"0":{"start":{"line":2,"column":23},"end":{"line":2,"column":56}},"1":{"start":{"line":5,"column":43},"end":{"line":5,"column":51}},"2":{"start":{"line":6,"column":15},"end":{"line":6,"column":32}},"3":{"start":{"line":7,"column":2},"end":{"line":7,"column":37}},"4":{"start":{"line":8,"column":2},"end":{"line":27,"column":3}},"5":{"start":{"line":9,"column":4},"end":{"line":11,"column":5}},"6":{"start":{"line":10,"column":6},"end":{"line":10,"column":60}},"7":{"start":{"line":13,"column":19},"end":{"line":19,"column":5}},"8":{"start":{"line":20,"column":4},"end":{"line":20,"column":56}},"9":{"start":{"line":22,"column":4},"end":{"line":22,"column":23}},"10":{"start":{"line":23,"column":4},"end":{"line":26,"column":7}},"11":{"start":{"line":31,"column":19},"end":{"line":31,"column":38}},"12":{"start":{"line":33,"column":2},"end":{"line":43,"column":3}},"13":{"start":{"line":34,"column":19},"end":{"line":34,"column":71}},"14":{"start":{"line":36,"column":4},"end":{"line":36,"column":56}},"15":{"start":{"line":38,"column":4},"end":{"line":38,"column":23}},"16":{"start":{"line":39,"column":4},"end":{"line":42,"column":7}},"17":{"start":{"line":46,"column":0},"end":{"line":49,"column":2}}},"fnMap":{"0":{"name":"payment","decl":{"start":{"line":4,"column":15},"end":{"line":4,"column":22}},"loc":{"start":{"line":4,"column":33},"end":{"line":28,"column":1}},"line":4},"1":{"name":"getPayments","decl":{"start":{"line":30,"column":15},"end":{"line":30,"column":26}},"loc":{"start":{"line":30,"column":37},"end":{"line":44,"column":1}},"line":30}},"branchMap":{"0":{"loc":{"start":{"line":9,"column":4},"end":{"line":11,"column":5}},"type":"if","locations":[{"start":{"line":9,"column":4},"end":{"line":11,"column":5}},{"start":{},"end":{}}],"line":9},"1":{"loc":{"start":{"line":20,"column":15},"end":{"line":20,"column":41}},"type":"cond-expr","locations":[{"start":{"line":20,"column":32},"end":{"line":20,"column":35}},{"start":{"line":20,"column":38},"end":{"line":20,"column":41}}],"line":20},"2":{"loc":{"start":{"line":25,"column":15},"end":{"line":25,"column":55}},"type":"binary-expr","locations":[{"start":{"line":25,"column":15},"end":{"line":25,"column":28}},{"start":{"line":25,"column":32},"end":{"line":25,"column":55}}],"line":25},"3":{"loc":{"start":{"line":36,"column":15},"end":{"line":36,"column":41}},"type":"cond-expr","locations":[{"start":{"line":36,"column":32},"end":{"line":36,"column":35}},{"start":{"line":36,"column":38},"end":{"line":36,"column":41}}],"line":36}},"s":{"0":1,"1":2,"2":2,"3":2,"4":2,"5":2,"6":0,"7":2,"8":1,"9":1,"10":1,"11":2,"12":2,"13":2,"14":1,"15":1,"16":1,"17":1},"f":{"0":2,"1":2},"b":{"0":[0,2],"1":[1,0],"2":[1,0],"3":[1,0]},"_coverageSchema":"1a1c01bbd47fc00a2c39e90264f33305004495a9","hash":"67d53937d21325dfb27456c805f61a6a28a05944"}
,"/Users/sarthakpatel/Documents/Semester 4/TI/ParkEasy/csci5193_ti_parkeasy/backend/controllers/supportController.js": {"path":"/Users/sarthakpatel/Documents/Semester 4/TI/ParkEasy/csci5193_ti_parkeasy/backend/controllers/supportController.js","statementMap":{"0":{"start":{"line":1,"column":23},"end":{"line":1,"column":60}},"1":{"start":{"line":4,"column":38},"end":{"line":4,"column":46}},"2":{"start":{"line":5,"column":4},"end":{"line":10,"column":5}},"3":{"start":{"line":6,"column":8},"end":{"line":6,"column":73}},"4":{"start":{"line":7,"column":8},"end":{"line":7,"column":56}},"5":{"start":{"line":9,"column":8},"end":{"line":9,"column":63}},"6":{"start":{"line":13,"column":0},"end":{"line":15,"column":2}}},"fnMap":{"0":{"name":"createSupportRequest","decl":{"start":{"line":3,"column":15},"end":{"line":3,"column":35}},"loc":{"start":{"line":3,"column":46},"end":{"line":11,"column":1}},"line":3}},"branchMap":{},"s":{"0":1,"1":2,"2":2,"3":2,"4":1,"5":1,"6":1},"f":{"0":2},"b":{},"_coverageSchema":"1a1c01bbd47fc00a2c39e90264f33305004495a9","hash":"b4d5fa8efd65ce0a1130d0a3965af10f20082121"}
,"/Users/sarthakpatel/Documents/Semester 4/TI/ParkEasy/csci5193_ti_parkeasy/backend/models/Feedback.js": {"path":"/Users/sarthakpatel/Documents/Semester 4/TI/ParkEasy/csci5193_ti_parkeasy/backend/models/Feedback.js","statementMap":{"0":{"start":{"line":1,"column":17},"end":{"line":1,"column":36}},"1":{"start":{"line":3,"column":23},"end":{"line":8,"column":2}},"2":{"start":{"line":10,"column":17},"end":{"line":10,"column":59}},"3":{"start":{"line":12,"column":0},"end":{"line":12,"column":26}}},"fnMap":{},"branchMap":{},"s":{"0":3,"1":3,"2":3,"3":3},"f":{},"b":{},"_coverageSchema":"1a1c01bbd47fc00a2c39e90264f33305004495a9","hash":"51518b88197b45e52da60c2fd6156a964c820ea9"}
,"/Users/sarthakpatel/Documents/Semester 4/TI/ParkEasy/csci5193_ti_parkeasy/backend/models/Notification.js": {"path":"/Users/sarthakpatel/Documents/Semester 4/TI/ParkEasy/csci5193_ti_parkeasy/backend/models/Notification.js","statementMap":{"0":{"start":{"line":1,"column":17},"end":{"line":1,"column":37}},"1":{"start":{"line":2,"column":20},"end":{"line":10,"column":1}},"2":{"start":{"line":12,"column":21},"end":{"line":12,"column":64}},"3":{"start":{"line":14,"column":0},"end":{"line":14,"column":31}}},"fnMap":{},"branchMap":{},"s":{"0":2,"1":2,"2":2,"3":2},"f":{},"b":{},"_coverageSchema":"1a1c01bbd47fc00a2c39e90264f33305004495a9","hash":"878d48aceda3f50d24327e5f18c93d83b1c968e4"}
,"/Users/sarthakpatel/Documents/Semester 4/TI/ParkEasy/csci5193_ti_parkeasy/backend/models/ParkingSpot.js": {"path":"/Users/sarthakpatel/Documents/Semester 4/TI/ParkEasy/csci5193_ti_parkeasy/backend/models/ParkingSpot.js","statementMap":{"0":{"start":{"line":2,"column":17},"end":{"line":2,"column":36}},"1":{"start":{"line":4,"column":26},"end":{"line":16,"column":2}},"2":{"start":{"line":18,"column":0},"end":{"line":20,"column":2}},"3":{"start":{"line":19,"column":4},"end":{"line":19,"column":23}},"4":{"start":{"line":22,"column":20},"end":{"line":22,"column":68}},"5":{"start":{"line":24,"column":0},"end":{"line":24,"column":29}}},"fnMap":{"0":{"name":"(anonymous_0)","decl":{"start":{"line":18,"column":47},"end":{"line":18,"column":48}},"loc":{"start":{"line":18,"column":59},"end":{"line":20,"column":1}},"line":18}},"branchMap":{},"s":{"0":3,"1":3,"2":3,"3":0,"4":3,"5":3},"f":{"0":0},"b":{},"_coverageSchema":"1a1c01bbd47fc00a2c39e90264f33305004495a9","hash":"15599f2bae6449758e9edc2b13093d4c9dcf5b68"}
,"/Users/sarthakpatel/Documents/Semester 4/TI/ParkEasy/csci5193_ti_parkeasy/backend/models/User.js": {"path":"/Users/sarthakpatel/Documents/Semester 4/TI/ParkEasy/csci5193_ti_parkeasy/backend/models/User.js","statementMap":{"0":{"start":{"line":2,"column":17},"end":{"line":2,"column":36}},"1":{"start":{"line":4,"column":19},"end":{"line":8,"column":2}},"2":{"start":{"line":10,"column":13},"end":{"line":10,"column":47}},"3":{"start":{"line":12,"column":0},"end":{"line":12,"column":22}}},"fnMap":{},"branchMap":{},"s":{"0":3,"1":3,"2":3,"3":3},"f":{},"b":{},"_coverageSchema":"1a1c01bbd47fc00a2c39e90264f33305004495a9","hash":"7aa2b42543a5f0d0873192846e1bb440554a230b"}
,"/Users/sarthakpatel/Documents/Semester 4/TI/ParkEasy/csci5193_ti_parkeasy/backend/models/payModel.js": {"path":"/Users/sarthakpatel/Documents/Semester 4/TI/ParkEasy/csci5193_ti_parkeasy/backend/models/payModel.js","statementMap":{"0":{"start":{"line":1,"column":17},"end":{"line":1,"column":36}},"1":{"start":{"line":3,"column":22},"end":{"line":8,"column":2}},"2":{"start":{"line":10,"column":16},"end":{"line":10,"column":56}},"3":{"start":{"line":12,"column":0},"end":{"line":12,"column":25}}},"fnMap":{},"branchMap":{},"s":{"0":2,"1":2,"2":2,"3":2},"f":{},"b":{},"_coverageSchema":"1a1c01bbd47fc00a2c39e90264f33305004495a9","hash":"356885246d94975843de7ff7189192fedc541c48"}
,"/Users/sarthakpatel/Documents/Semester 4/TI/ParkEasy/csci5193_ti_parkeasy/backend/models/supportModel.js": {"path":"/Users/sarthakpatel/Documents/Semester 4/TI/ParkEasy/csci5193_ti_parkeasy/backend/models/supportModel.js","statementMap":{"0":{"start":{"line":1,"column":17},"end":{"line":1,"column":36}},"1":{"start":{"line":3,"column":22},"end":{"line":7,"column":2}},"2":{"start":{"line":9,"column":16},"end":{"line":9,"column":56}},"3":{"start":{"line":11,"column":0},"end":{"line":11,"column":25}}},"fnMap":{},"branchMap":{},"s":{"0":3,"1":3,"2":3,"3":3},"f":{},"b":{},"_coverageSchema":"1a1c01bbd47fc00a2c39e90264f33305004495a9","hash":"0044447ec61fc5a9f02386e5f019cf3f47938717"}
,"/Users/sarthakpatel/Documents/Semester 4/TI/ParkEasy/csci5193_ti_parkeasy/backend/services/authService.js": {"path":"/Users/sarthakpatel/Documents/Semester 4/TI/ParkEasy/csci5193_ti_parkeasy/backend/services/authService.js","statementMap":{"0":{"start":{"line":2,"column":15},"end":{"line":2,"column":32}},"1":{"start":{"line":3,"column":13},"end":{"line":3,"column":38}},"2":{"start":{"line":6,"column":27},"end":{"line":6,"column":58}},"3":{"start":{"line":7,"column":20},"end":{"line":7,"column":75}},"4":{"start":{"line":8,"column":4},"end":{"line":8,"column":26}},"5":{"start":{"line":12,"column":4},"end":{"line":12,"column":38}},"6":{"start":{"line":16,"column":4},"end":{"line":16,"column":35}},"7":{"start":{"line":19,"column":0},"end":{"line":23,"column":2}}},"fnMap":{"0":{"name":"createUser","decl":{"start":{"line":5,"column":15},"end":{"line":5,"column":25}},"loc":{"start":{"line":5,"column":53},"end":{"line":9,"column":1}},"line":5},"1":{"name":"findUserByUsername","decl":{"start":{"line":11,"column":15},"end":{"line":11,"column":33}},"loc":{"start":{"line":11,"column":44},"end":{"line":13,"column":1}},"line":11},"2":{"name":"findUserByEmail","decl":{"start":{"line":15,"column":15},"end":{"line":15,"column":30}},"loc":{"start":{"line":15,"column":37},"end":{"line":17,"column":1}},"line":15}},"branchMap":{},"s":{"0":2,"1":2,"2":1,"3":1,"4":1,"5":0,"6":0,"7":2},"f":{"0":1,"1":0,"2":0},"b":{},"_coverageSchema":"1a1c01bbd47fc00a2c39e90264f33305004495a9","hash":"681441b1196ff4bf983fa169e60c58d6c62943b4"}
,"/Users/sarthakpatel/Documents/Semester 4/TI/ParkEasy/csci5193_ti_parkeasy/backend/services/feedbackService.js": {"path":"/Users/sarthakpatel/Documents/Semester 4/TI/ParkEasy/csci5193_ti_parkeasy/backend/services/feedbackService.js","statementMap":{"0":{"start":{"line":1,"column":17},"end":{"line":1,"column":46}},"1":{"start":{"line":3,"column":24},"end":{"line":25,"column":1}},"2":{"start":{"line":5,"column":4},"end":{"line":11,"column":5}},"3":{"start":{"line":6,"column":26},"end":{"line":6,"column":81}},"4":{"start":{"line":7,"column":6},"end":{"line":7,"column":25}},"5":{"start":{"line":10,"column":6},"end":{"line":10,"column":51}},"6":{"start":{"line":15,"column":4},"end":{"line":22,"column":5}},"7":{"start":{"line":16,"column":23},"end":{"line":16,"column":54}},"8":{"start":{"line":18,"column":6},"end":{"line":18,"column":22}},"9":{"start":{"line":21,"column":6},"end":{"line":21,"column":48}},"10":{"start":{"line":27,"column":0},"end":{"line":27,"column":33}}},"fnMap":{"0":{"name":"(anonymous_0)","decl":{"start":{"line":4,"column":18},"end":{"line":4,"column":19}},"loc":{"start":{"line":4,"column":62},"end":{"line":12,"column":3}},"line":4},"1":{"name":"(anonymous_1)","decl":{"start":{"line":14,"column":23},"end":{"line":14,"column":24}},"loc":{"start":{"line":14,"column":41},"end":{"line":23,"column":3}},"line":14}},"branchMap":{},"s":{"0":2,"1":2,"2":2,"3":2,"4":1,"5":1,"6":2,"7":2,"8":1,"9":1,"10":2},"f":{"0":2,"1":2},"b":{},"_coverageSchema":"1a1c01bbd47fc00a2c39e90264f33305004495a9","hash":"5e8ad9a2088c25cc6b0bddf2a45b0cbcf51e2bea"}
,"/Users/sarthakpatel/Documents/Semester 4/TI/ParkEasy/csci5193_ti_parkeasy/backend/services/parkingSpotService.js": {"path":"/Users/sarthakpatel/Documents/Semester 4/TI/ParkEasy/csci5193_ti_parkeasy/backend/services/parkingSpotService.js","statementMap":{"0":{"start":{"line":2,"column":20},"end":{"line":2,"column":52}},"1":{"start":{"line":5,"column":4},"end":{"line":10,"column":5}},"2":{"start":{"line":6,"column":31},"end":{"line":6,"column":52}},"3":{"start":{"line":7,"column":8},"end":{"line":7,"column":43}},"4":{"start":{"line":9,"column":8},"end":{"line":9,"column":57}},"5":{"start":{"line":14,"column":4},"end":{"line":18,"column":5}},"6":{"start":{"line":15,"column":8},"end":{"line":15,"column":54}},"7":{"start":{"line":17,"column":8},"end":{"line":17,"column":60}},"8":{"start":{"line":21,"column":0},"end":{"line":24,"column":2}}},"fnMap":{"0":{"name":"createParkingSpot","decl":{"start":{"line":4,"column":15},"end":{"line":4,"column":32}},"loc":{"start":{"line":4,"column":39},"end":{"line":11,"column":1}},"line":4},"1":{"name":"getAllParkingSpots","decl":{"start":{"line":13,"column":15},"end":{"line":13,"column":33}},"loc":{"start":{"line":13,"column":36},"end":{"line":19,"column":1}},"line":13}},"branchMap":{},"s":{"0":2,"1":2,"2":2,"3":2,"4":1,"5":2,"6":2,"7":1,"8":2},"f":{"0":2,"1":2},"b":{},"_coverageSchema":"1a1c01bbd47fc00a2c39e90264f33305004495a9","hash":"d759362e937b2b9ab4a95b146d13dcc0a1257a6b"}
,"/Users/sarthakpatel/Documents/Semester 4/TI/ParkEasy/csci5193_ti_parkeasy/backend/services/payService.js": {"path":"/Users/sarthakpatel/Documents/Semester 4/TI/ParkEasy/csci5193_ti_parkeasy/backend/services/payService.js","statementMap":{"0":{"start":{"line":1,"column":15},"end":{"line":3,"column":1}},"1":{"start":{"line":4,"column":16},"end":{"line":4,"column":45}},"2":{"start":{"line":7,"column":2},"end":{"line":46,"column":3}},"3":{"start":{"line":11,"column":20},"end":{"line":16,"column":6}},"4":{"start":{"line":17,"column":4},"end":{"line":17,"column":25}},"5":{"start":{"line":19,"column":20},"end":{"line":36,"column":6}},"6":{"start":{"line":38,"column":4},"end":{"line":42,"column":6}},"7":{"start":{"line":44,"column":4},"end":{"line":44,"column":23}},"8":{"start":{"line":45,"column":4},"end":{"line":45,"column":74}},"9":{"start":{"line":50,"column":2},"end":{"line":67,"column":3}},"10":{"start":{"line":51,"column":25},"end":{"line":51,"column":57}},"11":{"start":{"line":52,"column":29},"end":{"line":52,"column":65}},"12":{"start":{"line":54,"column":4},"end":{"line":60,"column":6}},"13":{"start":{"line":62,"column":4},"end":{"line":62,"column":23}},"14":{"start":{"line":63,"column":4},"end":{"line":66,"column":6}},"15":{"start":{"line":71,"column":0},"end":{"line":74,"column":2}}},"fnMap":{"0":{"name":"createPayment","decl":{"start":{"line":6,"column":15},"end":{"line":6,"column":28}},"loc":{"start":{"line":6,"column":65},"end":{"line":47,"column":1}},"line":6},"1":{"name":"getPaymentsByUserName","decl":{"start":{"line":49,"column":15},"end":{"line":49,"column":36}},"loc":{"start":{"line":49,"column":47},"end":{"line":68,"column":1}},"line":49}},"branchMap":{},"s":{"0":1,"1":1,"2":0,"3":0,"4":0,"5":0,"6":0,"7":0,"8":0,"9":0,"10":0,"11":0,"12":0,"13":0,"14":0,"15":1},"f":{"0":0,"1":0},"b":{},"_coverageSchema":"1a1c01bbd47fc00a2c39e90264f33305004495a9","hash":"c2b5941e4a60061875d6b87855bcc46920e018c0"}
,"/Users/sarthakpatel/Documents/Semester 4/TI/ParkEasy/csci5193_ti_parkeasy/backend/services/supportService.js": {"path":"/Users/sarthakpatel/Documents/Semester 4/TI/ParkEasy/csci5193_ti_parkeasy/backend/services/supportService.js","statementMap":{"0":{"start":{"line":1,"column":16},"end":{"line":1,"column":49}},"1":{"start":{"line":4,"column":30},"end":{"line":4,"column":68}},"2":{"start":{"line":5,"column":4},"end":{"line":5,"column":36}},"3":{"start":{"line":8,"column":0},"end":{"line":10,"column":2}}},"fnMap":{"0":{"name":"createSupportRequest","decl":{"start":{"line":3,"column":15},"end":{"line":3,"column":35}},"loc":{"start":{"line":3,"column":59},"end":{"line":6,"column":1}},"line":3}},"branchMap":{},"s":{"0":2,"1":2,"2":2,"3":2},"f":{"0":2},"b":{},"_coverageSchema":"1a1c01bbd47fc00a2c39e90264f33305004495a9","hash":"93285bb96befabdf4cb2b2f33c31a1470a1a22ca"}
}
