TN:
SF:Novu/novu.js
FN:3,(anonymous_0)
FNF:1
FNH:0
FNDA:0,(anonymous_0)
DA:1,1
DA:3,1
DA:4,0
DA:5,0
DA:6,0
DA:7,0
DA:14,0
DA:15,0
DA:20,1
LF:9
LH:3
BRDA:14,0,0,0
BRDA:14,0,1,0
BRF:2
BRH:0
end_of_record
TN:
SF:controllers/authController.js
FN:6,register
FN:29,login
FNF:2
FNH:2
FNDA:1,register
FNDA:4,login
DA:1,1
DA:2,1
DA:3,1
DA:4,1
DA:7,1
DA:8,1
DA:9,1
DA:10,0
DA:11,0
DA:19,0
DA:23,0
DA:25,1
DA:30,4
DA:31,4
DA:32,4
DA:33,3
DA:34,3
DA:35,1
DA:37,2
DA:38,2
DA:40,2
DA:41,2
DA:43,2
DA:44,1
DA:47,1
DA:48,1
DA:50,1
DA:54,1
LF:28
LH:24
BRDA:34,0,0,1
BRDA:34,0,1,2
BRDA:43,1,0,1
BRDA:43,1,1,1
BRF:4
BRH:4
end_of_record
TN:
SF:controllers/feedbackController.js
FN:4,(anonymous_0)
FN:17,(anonymous_1)
FN:27,(anonymous_2)
FNF:3
FNH:3
FNDA:2,(anonymous_0)
FNDA:3,(anonymous_1)
FNDA:2,(anonymous_2)
DA:1,1
DA:3,1
DA:5,2
DA:6,2
DA:9,2
DA:10,1
DA:12,1
DA:13,1
DA:18,3
DA:19,3
DA:21,3
DA:23,2
DA:24,1
DA:27,2
DA:28,1
DA:30,1
DA:32,1
DA:33,1
DA:39,1
LF:19
LH:19
BRDA:23,0,0,1
BRDA:23,0,1,1
BRF:2
BRH:2
end_of_record
TN:
SF:controllers/notificationController.js
FN:5,(anonymous_0)
FNF:1
FNH:1
FNDA:2,(anonymous_0)
DA:1,1
DA:3,1
DA:5,1
DA:7,2
DA:8,2
DA:11,2
DA:12,2
DA:13,1
DA:14,1
DA:16,1
DA:20,1
LF:11
LH:11
BRF:0
BRH:0
end_of_record
TN:
SF:controllers/parkingSpotController.js
FN:5,createParkingSpot
FN:37,getAllParkingSpots
FNF:2
FNH:1
FNDA:0,createParkingSpot
FNDA:1,getAllParkingSpots
DA:2,1
DA:3,1
DA:6,0
DA:16,0
DA:18,0
DA:29,0
DA:30,0
DA:31,0
DA:33,0
DA:38,1
DA:39,1
DA:40,1
DA:42,0
DA:46,1
LF:14
LH:6
BRF:0
BRH:0
end_of_record
TN:
SF:controllers/payController.js
FN:4,payment
FN:30,getPayments
FNF:2
FNH:2
FNDA:2,payment
FNDA:2,getPayments
DA:2,1
DA:5,2
DA:6,2
DA:7,2
DA:8,2
DA:9,2
DA:10,0
DA:13,2
DA:20,1
DA:22,1
DA:23,1
DA:31,2
DA:33,2
DA:34,2
DA:36,1
DA:38,1
DA:39,1
DA:46,1
LF:18
LH:17
BRDA:9,0,0,0
BRDA:9,0,1,2
BRDA:20,1,0,1
BRDA:20,1,1,0
BRDA:25,2,0,1
BRDA:25,2,1,0
BRDA:36,3,0,1
BRDA:36,3,1,0
BRF:8
BRH:4
end_of_record
TN:
SF:controllers/supportController.js
FN:3,createSupportRequest
FNF:1
FNH:1
FNDA:2,createSupportRequest
DA:1,1
DA:4,2
DA:5,2
DA:6,2
DA:7,1
DA:9,1
DA:13,1
LF:7
LH:7
BRF:0
BRH:0
end_of_record
TN:
SF:models/Feedback.js
FNF:0
FNH:0
DA:1,3
DA:3,3
DA:10,3
DA:12,3
LF:4
LH:4
BRF:0
BRH:0
end_of_record
TN:
SF:models/Notification.js
FNF:0
FNH:0
DA:1,2
DA:2,2
DA:12,2
DA:14,2
LF:4
LH:4
BRF:0
BRH:0
end_of_record
TN:
SF:models/ParkingSpot.js
FN:18,(anonymous_0)
FNF:1
FNH:0
FNDA:0,(anonymous_0)
DA:2,3
DA:4,3
DA:18,3
DA:19,0
DA:22,3
DA:24,3
LF:6
LH:5
BRF:0
BRH:0
end_of_record
TN:
SF:models/User.js
FNF:0
FNH:0
DA:2,3
DA:4,3
DA:10,3
DA:12,3
LF:4
LH:4
BRF:0
BRH:0
end_of_record
TN:
SF:models/payModel.js
FNF:0
FNH:0
DA:1,2
DA:3,2
DA:10,2
DA:12,2
LF:4
LH:4
BRF:0
BRH:0
end_of_record
TN:
SF:models/supportModel.js
FNF:0
FNH:0
DA:1,3
DA:3,3
DA:9,3
DA:11,3
LF:4
LH:4
BRF:0
BRH:0
end_of_record
TN:
SF:services/authService.js
FN:5,createUser
FN:11,findUserByUsername
FN:15,findUserByEmail
FNF:3
FNH:1
FNDA:1,createUser
FNDA:0,findUserByUsername
FNDA:0,findUserByEmail
DA:2,2
DA:3,2
DA:6,1
DA:7,1
DA:8,1
DA:12,0
DA:16,0
DA:19,2
LF:8
LH:6
BRF:0
BRH:0
end_of_record
TN:
SF:services/feedbackService.js
FN:4,(anonymous_0)
FN:14,(anonymous_1)
FNF:2
FNH:2
FNDA:2,(anonymous_0)
FNDA:2,(anonymous_1)
DA:1,2
DA:3,2
DA:5,2
DA:6,2
DA:7,1
DA:10,1
DA:15,2
DA:16,2
DA:18,1
DA:21,1
DA:27,2
LF:11
LH:11
BRF:0
BRH:0
end_of_record
TN:
SF:services/parkingSpotService.js
FN:4,createParkingSpot
FN:13,getAllParkingSpots
FNF:2
FNH:2
FNDA:2,createParkingSpot
FNDA:2,getAllParkingSpots
DA:2,2
DA:5,2
DA:6,2
DA:7,2
DA:9,1
DA:14,2
DA:15,2
DA:17,1
DA:21,2
LF:9
LH:9
BRF:0
BRH:0
end_of_record
TN:
SF:services/payService.js
FN:6,createPayment
FN:49,getPaymentsByUserName
FNF:2
FNH:0
FNDA:0,createPayment
FNDA:0,getPaymentsByUserName
DA:1,1
DA:4,1
DA:7,0
DA:11,0
DA:17,0
DA:19,0
DA:38,0
DA:44,0
DA:45,0
DA:50,0
DA:51,0
DA:52,0
DA:54,0
DA:62,0
DA:63,0
DA:71,1
LF:16
LH:3
BRF:0
BRH:0
end_of_record
TN:
SF:services/supportService.js
FN:3,createSupportRequest
FNF:1
FNH:1
FNDA:2,createSupportRequest
DA:1,2
DA:4,2
DA:5,2
DA:8,2
LF:4
LH:4
BRF:0
BRH:0
end_of_record
